<?xml version="1.0" encoding="UTF-8"?>
<!-- Generated by org.testng.reporters.JUnitReportReporter -->
<testsuite hostname="DESKTOP-AA44R9J" failures="0" tests="1" name="RestAssuredTests.RestAPI_GooglemapsHeaders_Get" time="6.846" errors="0" timestamp="2023-01-04T20:38:55 IST" skipped="0">
  <testcase classname="RestAssuredTests.RestAPI_GooglemapsHeaders_Get" name="getGooglemapsHeaders" time="6.846"/>
  <system-out/>
</testsuite> <!-- RestAssuredTests.RestAPI_GooglemapsHeaders_Get -->
