<?xml version="1.0" encoding="UTF-8"?>
<!-- Generated by org.testng.reporters.JUnitReportReporter -->
<testsuite hostname="DESKTOP-AA44R9J" failures="0" tests="1" name="RestAssuredTests.RestAPI_Get" time="5.942" errors="0" timestamp="2023-01-04T16:10:11 IST" skipped="0">
  <testcase classname="RestAssuredTests.RestAPI_Get" name="getEmployeeDetails" time="5.942"/>
  <system-out/>
</testsuite> <!-- RestAssuredTests.RestAPI_Get -->
