<?xml version="1.0" encoding="UTF-8"?>
<!-- Generated by org.testng.reporters.JUnitReportReporter -->
<testsuite hostname="DESKTOP-AA44R9J" failures="0" tests="3" name="RestAssuredTests.RestAPI_PostRequest" time="7.147" errors="0" timestamp="2023-01-09T22:39:09 IST" skipped="2">
  <testcase classname="RestAssuredTests.RestAPI_PostRequest" name="Postusers" time="7.147"/>
  <system-out/>
  <testcase classname="RestAssuredTests.RestAPI_PostRequest" name="createNewUsers">
    <skipped/>
  </testcase> <!-- createNewUsers -->
  <system-out/>
  <testcase classname="RestAssuredTests.RestAPI_PostRequest" name="updateNewUsers">
    <skipped/>
  </testcase> <!-- updateNewUsers -->
  <system-out/>
</testsuite> <!-- RestAssuredTests.RestAPI_PostRequest -->
