<?xml version="1.0" encoding="UTF-8"?>
<!-- Generated by org.testng.reporters.JUnitReportReporter -->
<testsuite hostname="DESKTOP-AA44R9J" failures="0" tests="1" name="RestAssuredTests.RestAPI_Googlemaps_Get" time="9.389" errors="0" timestamp="2023-01-04T20:20:22 IST" skipped="0">
  <testcase classname="RestAssuredTests.RestAPI_Googlemaps_Get" name="getGooglemapLocation" time="9.389"/>
  <system-out/>
</testsuite> <!-- RestAssuredTests.RestAPI_Googlemaps_Get -->
